[INFO] Scanning for projects...
[INFO] 
[INFO] -----------------------< com.MaSoVa:api-gateway >-----------------------
[INFO] Building API Gateway Service 1.0.0
[INFO]   from pom.xml
[INFO] --------------------------------[ jar ]---------------------------------
[INFO] 
[INFO] >>> spring-boot:3.2.0:run (default-cli) > test-compile @ api-gateway >>>
[INFO] 
[INFO] --- resources:3.3.1:resources (default-resources) @ api-gateway ---
[INFO] Copying 1 resource from src\main\resources to target\classes
[INFO] 
[INFO] --- compiler:3.11.0:compile (default-compile) @ api-gateway ---
[INFO] Nothing to compile - all classes are up to date
[INFO] 
[INFO] --- resources:3.3.1:testResources (default-testResources) @ api-gateway ---
[INFO] Not copying test resources
[INFO] 
[INFO] --- compiler:3.11.0:testCompile (default-testCompile) @ api-gateway ---
[INFO] Not compiling test sources
[INFO] 
[INFO] <<< spring-boot:3.2.0:run (default-cli) < test-compile @ api-gateway <<<
[INFO] 
[INFO] 
[INFO] --- spring-boot:3.2.0:run (default-cli) @ api-gateway ---
[INFO] Attaching agents: []

  .   ____          _            __ _ _
 /\\ / ___'_ __ _ _(_)_ __  __ _ \ \ \ \
( ( )\___ | '_ | '_| | '_ \/ _` | \ \ \ \
 \\/  ___)| |_)| | | | | || (_| |  ) ) ) )
  '  |____| .__|_| |_|_| |_\__, | / / / /
 =========|_|==============|___/=/_/_/_/
 :: Spring Boot ::                (v3.2.0)

2026-04-05 15:44:01 - Starting ApiGatewayApplication using Java 21.0.7 with PID 17060 (D:\projects\masova-platform\api-gateway\target\classes started by Vamsee in D:\projects\masova-platform\api-gateway)
2026-04-05 15:44:01 - The following 1 profile is active: "dev"
2026-04-05 15:44:03 - BeanFactory id=39ac872f-4045-355b-a619-5494cb5cf210
2026-04-05 15:44:03 - SECURITY WARNING: JWT secret key appears to contain common/predictable patterns. Consider using a cryptographically random key in production.
2026-04-05 15:44:03 - API Gateway JWT secret key validated successfully (length: 106 chars)
2026-04-05 15:44:03 - Rate limiting initialized - enabled: true, default limit: 1000 req/min, login attempts: 5, lockout: 1 min
2026-04-05 15:44:04 - Loaded RoutePredicateFactory [After]
2026-04-05 15:44:04 - Loaded RoutePredicateFactory [Before]
2026-04-05 15:44:04 - Loaded RoutePredicateFactory [Between]
2026-04-05 15:44:04 - Loaded RoutePredicateFactory [Cookie]
2026-04-05 15:44:04 - Loaded RoutePredicateFactory [Header]
2026-04-05 15:44:04 - Loaded RoutePredicateFactory [Host]
2026-04-05 15:44:04 - Loaded RoutePredicateFactory [Method]
2026-04-05 15:44:04 - Loaded RoutePredicateFactory [Path]
2026-04-05 15:44:04 - Loaded RoutePredicateFactory [Query]
2026-04-05 15:44:04 - Loaded RoutePredicateFactory [ReadBody]
2026-04-05 15:44:04 - Loaded RoutePredicateFactory [RemoteAddr]
2026-04-05 15:44:04 - Loaded RoutePredicateFactory [XForwardedRemoteAddr]
2026-04-05 15:44:04 - Loaded RoutePredicateFactory [Weight]
2026-04-05 15:44:04 - Loaded RoutePredicateFactory [CloudFoundryRouteService]
2026-04-05 15:44:04 - Exposing 2 endpoint(s) beneath base path '/actuator'
2026-04-05 15:44:05 - Netty started on port 8080
2026-04-05 15:44:05 - Started ApiGatewayApplication in 4.761 seconds (process running for 5.547)
2026-04-05 15:44:05 - ================================================================================
2026-04-05 15:44:05 - MaSoVa API Gateway Started Successfully!
2026-04-05 15:44:05 - Gateway running on port: 8080
2026-04-05 15:44:05 - Routing to 10 microservices:
2026-04-05 15:44:05 -   1. User Service         ΓåÆ http://localhost:8081
2026-04-05 15:44:05 -   2. Menu Service         ΓåÆ http://localhost:8082
2026-04-05 15:44:05 -   3. Order Service        ΓåÆ http://localhost:8083
2026-04-05 15:44:05 -   4. Analytics Service    ΓåÆ http://localhost:8085
2026-04-05 15:44:05 -   5. Payment Service      ΓåÆ http://localhost:8086
2026-04-05 15:44:05 -   6. Inventory Service    ΓåÆ http://localhost:8088
2026-04-05 15:44:05 -   7. Review Service       ΓåÆ http://localhost:8089
2026-04-05 15:44:05 -   8. Delivery Service     ΓåÆ http://localhost:8090
2026-04-05 15:44:05 -   9. Customer Service     ΓåÆ http://localhost:8091
2026-04-05 15:44:05 -  10. Notification Service ΓåÆ http://localhost:8092
2026-04-05 15:44:05 - ================================================================================
