[INFO] Scanning for projects...
[INFO] 
[INFO] ----------------------< com.MaSoVa:core-service >-----------------------
[INFO] Building Core Service 1.0.0
[INFO]   from pom.xml
[INFO] --------------------------------[ jar ]---------------------------------
[INFO] 
[INFO] >>> spring-boot:3.2.0:run (default-cli) > test-compile @ core-service >>>
[INFO] 
[INFO] --- resources:3.3.1:resources (default-resources) @ core-service ---
[INFO] Copying 4 resources from src\main\resources to target\classes
[INFO] 
[INFO] --- compiler:3.11.0:compile (default-compile) @ core-service ---
[INFO] Nothing to compile - all classes are up to date
[INFO] 
[INFO] --- resources:3.3.1:testResources (default-testResources) @ core-service ---
[INFO] Not copying test resources
[INFO] 
[INFO] --- compiler:3.11.0:testCompile (default-testCompile) @ core-service ---
[INFO] Not compiling test sources
[INFO] 
[INFO] <<< spring-boot:3.2.0:run (default-cli) < test-compile @ core-service <<<
[INFO] 
[INFO] 
[INFO] --- spring-boot:3.2.0:run (default-cli) @ core-service ---
[INFO] Attaching agents: []
Standard Commons Logging discovery in action with spring-jcl: please remove commons-logging.jar from classpath in order to avoid potential conflicts
14:53:37,257 |-INFO in ch.qos.logback.classic.LoggerContext[default] - This is logback-classic version 1.4.11
14:53:37,262 |-INFO in ch.qos.logback.classic.util.ContextInitializer@5b07730f - Here is a list of configurators discovered as a service, by rank: 
14:53:37,262 |-INFO in ch.qos.logback.classic.util.ContextInitializer@5b07730f -   org.springframework.boot.logging.logback.RootLogLevelConfigurator
14:53:37,262 |-INFO in ch.qos.logback.classic.util.ContextInitializer@5b07730f - They will be invoked in order until ExecutionStatus.DO_NOT_INVOKE_NEXT_IF_ANY is returned.
14:53:37,262 |-INFO in ch.qos.logback.classic.util.ContextInitializer@5b07730f - Constructed configurator of type class org.springframework.boot.logging.logback.RootLogLevelConfigurator
14:53:37,280 |-INFO in ch.qos.logback.classic.util.ContextInitializer@5b07730f - org.springframework.boot.logging.logback.RootLogLevelConfigurator.configure() call lasted 1 milliseconds. ExecutionStatus=INVOKE_NEXT_IF_ANY
14:53:37,280 |-INFO in ch.qos.logback.classic.util.ContextInitializer@5b07730f - Trying to configure with ch.qos.logback.classic.joran.SerializedModelConfigurator
14:53:37,280 |-INFO in ch.qos.logback.classic.util.ContextInitializer@5b07730f - Constructed configurator of type class ch.qos.logback.classic.joran.SerializedModelConfigurator
14:53:37,318 |-INFO in ch.qos.logback.classic.LoggerContext[default] - Could NOT find resource [logback-test.scmo]
14:53:37,318 |-INFO in ch.qos.logback.classic.LoggerContext[default] - Could NOT find resource [logback.scmo]
14:53:37,318 |-INFO in ch.qos.logback.classic.util.ContextInitializer@5b07730f - ch.qos.logback.classic.joran.SerializedModelConfigurator.configure() call lasted 38 milliseconds. ExecutionStatus=INVOKE_NEXT_IF_ANY
14:53:37,318 |-INFO in ch.qos.logback.classic.util.ContextInitializer@5b07730f - Trying to configure with ch.qos.logback.classic.util.DefaultJoranConfigurator
14:53:37,319 |-INFO in ch.qos.logback.classic.util.ContextInitializer@5b07730f - Constructed configurator of type class ch.qos.logback.classic.util.DefaultJoranConfigurator
14:53:37,320 |-INFO in ch.qos.logback.classic.LoggerContext[default] - Could NOT find resource [logback-test.xml]
14:53:37,320 |-INFO in ch.qos.logback.classic.LoggerContext[default] - Could NOT find resource [logback.xml]
14:53:37,320 |-INFO in ch.qos.logback.classic.util.ContextInitializer@5b07730f - ch.qos.logback.classic.util.DefaultJoranConfigurator.configure() call lasted 1 milliseconds. ExecutionStatus=INVOKE_NEXT_IF_ANY
14:53:37,320 |-INFO in ch.qos.logback.classic.util.ContextInitializer@5b07730f - Trying to configure with ch.qos.logback.classic.BasicConfigurator
14:53:37,322 |-INFO in ch.qos.logback.classic.util.ContextInitializer@5b07730f - Constructed configurator of type class ch.qos.logback.classic.BasicConfigurator
14:53:37,322 |-INFO in ch.qos.logback.classic.BasicConfigurator@1fdfafd2 - Setting up default configuration.
14:53:37,346 |-INFO in ch.qos.logback.classic.util.ContextInitializer@5b07730f - ch.qos.logback.classic.BasicConfigurator.configure() call lasted 24 milliseconds. ExecutionStatus=NEUTRAL
14:53:37,928 |-INFO in ch.qos.logback.core.joran.spi.ConfigurationWatchList@a4b2d8f - URL [jar:file:/C:/Users/Vamsee/.m2/repository/com/masova/shared-models/1.0.0/shared-models-1.0.0.jar!/logback-spring.xml] is not of type file
14:53:38,052 |-INFO in ch.qos.logback.core.model.processor.AppenderModelHandler - Processing appender named [CONSOLE]
14:53:38,052 |-INFO in ch.qos.logback.core.model.processor.AppenderModelHandler - About to instantiate appender of type [ch.qos.logback.core.ConsoleAppender]
14:53:38,057 |-INFO in ch.qos.logback.core.model.processor.ImplicitModelHandler - Assuming default type [ch.qos.logback.classic.encoder.PatternLayoutEncoder] for [encoder] property
14:53:38,073 |-INFO in ch.qos.logback.core.model.processor.AppenderModelHandler - Processing appender named [FILE]
14:53:38,073 |-INFO in ch.qos.logback.core.model.processor.AppenderModelHandler - About to instantiate appender of type [ch.qos.logback.core.rolling.RollingFileAppender]
14:53:38,076 |-INFO in ch.qos.logback.core.model.processor.ImplicitModelHandler - Assuming default type [ch.qos.logback.classic.encoder.PatternLayoutEncoder] for [encoder] property
14:53:38,083 |-INFO in c.q.l.core.rolling.TimeBasedRollingPolicy@231725600 - setting totalSizeCap to 1 GB
14:53:38,087 |-INFO in c.q.l.core.rolling.TimeBasedRollingPolicy@231725600 - No compression will be used
14:53:38,088 |-INFO in c.q.l.core.rolling.TimeBasedRollingPolicy@231725600 - Will use the pattern logs/application-%d{yyyy-MM-dd}.log for the active file
14:53:38,108 |-INFO in c.q.l.core.rolling.DefaultTimeBasedFileNamingAndTriggeringPolicy - The date pattern is 'yyyy-MM-dd' from file name pattern 'logs/application-%d{yyyy-MM-dd}.log'.
14:53:38,108 |-INFO in c.q.l.core.rolling.DefaultTimeBasedFileNamingAndTriggeringPolicy - Roll-over at midnight.
14:53:38,114 |-INFO in c.q.l.core.rolling.DefaultTimeBasedFileNamingAndTriggeringPolicy - Setting initial period to 2026-04-05T10:25:21.726Z
14:53:38,116 |-INFO in ch.qos.logback.core.rolling.RollingFileAppender[FILE] - Active log file name: logs/application.log
14:53:38,117 |-INFO in ch.qos.logback.core.rolling.RollingFileAppender[FILE] - File property is set to [logs/application.log]
14:53:38,117 |-INFO in ch.qos.logback.core.model.processor.AppenderModelHandler - Processing appender named [ERROR_FILE]
14:53:38,117 |-INFO in ch.qos.logback.core.model.processor.AppenderModelHandler - About to instantiate appender of type [ch.qos.logback.core.rolling.RollingFileAppender]
14:53:38,118 |-INFO in ch.qos.logback.core.model.processor.ImplicitModelHandler - Assuming default type [ch.qos.logback.classic.encoder.PatternLayoutEncoder] for [encoder] property
14:53:38,119 |-INFO in c.q.l.core.rolling.TimeBasedRollingPolicy@1831882653 - setting totalSizeCap to 2 GB
14:53:38,119 |-INFO in c.q.l.core.rolling.TimeBasedRollingPolicy@1831882653 - No compression will be used
14:53:38,119 |-INFO in c.q.l.core.rolling.TimeBasedRollingPolicy@1831882653 - Will use the pattern logs/error-%d{yyyy-MM-dd}.log for the active file
14:53:38,120 |-INFO in c.q.l.core.rolling.DefaultTimeBasedFileNamingAndTriggeringPolicy - The date pattern is 'yyyy-MM-dd' from file name pattern 'logs/error-%d{yyyy-MM-dd}.log'.
14:53:38,120 |-INFO in c.q.l.core.rolling.DefaultTimeBasedFileNamingAndTriggeringPolicy - Roll-over at midnight.
14:53:38,120 |-INFO in c.q.l.core.rolling.DefaultTimeBasedFileNamingAndTriggeringPolicy - Setting initial period to 2026-04-05T10:15:05.056Z
14:53:38,120 |-INFO in ch.qos.logback.core.rolling.RollingFileAppender[ERROR_FILE] - Active log file name: logs/error.log
14:53:38,120 |-INFO in ch.qos.logback.core.rolling.RollingFileAppender[ERROR_FILE] - File property is set to [logs/error.log]
14:53:38,121 |-WARN in ch.qos.logback.core.model.processor.AppenderModelHandler - Appender named [JSON_FILE] not referenced. Skipping further processing.
14:53:38,121 |-INFO in ch.qos.logback.classic.model.processor.RootLoggerModelHandler - Setting level of ROOT logger to INFO
14:53:38,122 |-INFO in ch.qos.logback.classic.jul.LevelChangePropagator@f73dcd6 - Propagating INFO level on Logger[ROOT] onto the JUL framework
14:53:38,122 |-INFO in ch.qos.logback.core.model.processor.AppenderRefModelHandler - Attaching appender named [CONSOLE] to Logger[ROOT]
14:53:38,122 |-INFO in ch.qos.logback.core.model.processor.AppenderRefModelHandler - Attaching appender named [FILE] to Logger[ROOT]
14:53:38,122 |-INFO in ch.qos.logback.core.model.processor.AppenderRefModelHandler - Attaching appender named [ERROR_FILE] to Logger[ROOT]
14:53:38,122 |-INFO in ch.qos.logback.classic.model.processor.LoggerModelHandler - Setting level of logger [com.MaSoVa] to DEBUG
14:53:38,122 |-INFO in ch.qos.logback.classic.jul.LevelChangePropagator@f73dcd6 - Propagating DEBUG level on Logger[com.MaSoVa] onto the JUL framework
14:53:38,122 |-INFO in ch.qos.logback.classic.model.processor.LoggerModelHandler - Setting level of logger [org.springframework] to INFO
14:53:38,122 |-INFO in ch.qos.logback.classic.jul.LevelChangePropagator@f73dcd6 - Propagating INFO level on Logger[org.springframework] onto the JUL framework
14:53:38,123 |-INFO in ch.qos.logback.classic.model.processor.LoggerModelHandler - Setting level of logger [org.mongodb] to WARN
14:53:38,123 |-INFO in ch.qos.logback.classic.jul.LevelChangePropagator@f73dcd6 - Propagating WARN level on Logger[org.mongodb] onto the JUL framework
14:53:38,123 |-WARN in ch.qos.logback.core.model.processor.AppenderModelHandler - Appender named [ASYNC_FILE] not referenced. Skipping further processing.
14:53:38,123 |-INFO in ch.qos.logback.core.model.processor.DefaultProcessor@5c87bfe2 - End of configuration.
14:53:38,123 |-INFO in org.springframework.boot.logging.logback.SpringBootJoranConfigurator@2fea7088 - Registering current configuration as safe fallback point


  .   ____          _            __ _ _
 /\\ / ___'_ __ _ _(_)_ __  __ _ \ \ \ \
( ( )\___ | '_ | '_| | '_ \/ _` | \ \ \ \
 \\/  ___)| |_)| | | | | || (_| |  ) ) ) )
  '  |____| .__|_| |_|_| |_\__, | / / / /
 =========|_|==============|___/=/_/_/_/
 :: Spring Boot ::                (v3.2.0)

2026-04-06 14:53:38.282 [background-preinit] INFO  o.h.validator.internal.util.Version [correlationId=N/A] [storeId=N/A] [userId=N/A] - HV000001: Hibernate Validator 8.0.1.Final
2026-04-06 14:53:38.370 [main] INFO  c.MaSoVa.core.CoreServiceApplication [correlationId=N/A] [storeId=N/A] [userId=N/A] - Starting CoreServiceApplication using Java 21.0.7 with PID 15548 (D:\projects\masova-platform\core-service\target\classes started by Vamsee in D:\projects\masova-platform\core-service)
2026-04-06 14:53:38.370 [main] DEBUG c.MaSoVa.core.CoreServiceApplication [correlationId=N/A] [storeId=N/A] [userId=N/A] - Running with Spring Boot v3.2.0, Spring v6.1.1
2026-04-06 14:53:38.371 [main] INFO  c.MaSoVa.core.CoreServiceApplication [correlationId=N/A] [storeId=N/A] [userId=N/A] - No active profile set, falling back to 1 default profile: "default"
2026-04-06 14:53:41.035 [main] INFO  o.s.d.r.c.RepositoryConfigurationDelegate [correlationId=N/A] [storeId=N/A] [userId=N/A] - Multiple Spring Data modules found, entering strict repository configuration mode
2026-04-06 14:53:41.038 [main] INFO  o.s.d.r.c.RepositoryConfigurationDelegate [correlationId=N/A] [storeId=N/A] [userId=N/A] - Bootstrapping Spring Data JPA repositories in DEFAULT mode.
2026-04-06 14:53:41.185 [main] INFO  o.s.d.r.c.RepositoryConfigurationExtensionSupport [correlationId=N/A] [storeId=N/A] [userId=N/A] - Spring Data JPA - Could not safely identify store assignment for repository candidate interface com.MaSoVa.core.customer.repository.CustomerRepository; If you want this repository to be a JPA repository, consider annotating your entities with one of these annotations: jakarta.persistence.Entity, jakarta.persistence.MappedSuperclass (preferred), or consider extending one of the following types with your repository: org.springframework.data.jpa.repository.JpaRepository
2026-04-06 14:53:41.382 [main] INFO  o.s.d.r.c.RepositoryConfigurationExtensionSupport [correlationId=N/A] [storeId=N/A] [userId=N/A] - Spring Data JPA - Could not safely identify store assignment for repository candidate interface com.MaSoVa.core.notification.repository.CampaignRepository; If you want this repository to be a JPA repository, consider annotating your entities with one of these annotations: jakarta.persistence.Entity, jakarta.persistence.MappedSuperclass (preferred), or consider extending one of the following types with your repository: org.springframework.data.jpa.repository.JpaRepository
2026-04-06 14:53:41.384 [main] INFO  o.s.d.r.c.RepositoryConfigurationExtensionSupport [correlationId=N/A] [storeId=N/A] [userId=N/A] - Spring Data JPA - Could not safely identify store assignment for repository candidate interface com.MaSoVa.core.notification.repository.NotificationRepository; If you want this repository to be a JPA repository, consider annotating your entities with one of these annotations: jakarta.persistence.Entity, jakarta.persistence.MappedSuperclass (preferred), or consider extending one of the following types with your repository: org.springframework.data.jpa.repository.JpaRepository
2026-04-06 14:53:41.388 [main] INFO  o.s.d.r.c.RepositoryConfigurationExtensionSupport [correlationId=N/A] [storeId=N/A] [userId=N/A] - Spring Data JPA - Could not safely identify store assignment for repository candidate interface com.MaSoVa.core.notification.repository.TemplateRepository; If you want this repository to be a JPA repository, consider annotating your entities with one of these annotations: jakarta.persistence.Entity, jakarta.persistence.MappedSuperclass (preferred), or consider extending one of the following types with your repository: org.springframework.data.jpa.repository.JpaRepository
2026-04-06 14:53:41.392 [main] INFO  o.s.d.r.c.RepositoryConfigurationExtensionSupport [correlationId=N/A] [storeId=N/A] [userId=N/A] - Spring Data JPA - Could not safely identify store assignment for repository candidate interface com.MaSoVa.core.notification.repository.UserPreferencesRepository; If you want this repository to be a JPA repository, consider annotating your entities with one of these annotations: jakarta.persistence.Entity, jakarta.persistence.MappedSuperclass (preferred), or consider extending one of the following types with your repository: org.springframework.data.jpa.repository.JpaRepository
2026-04-06 14:53:41.403 [main] INFO  o.s.d.r.c.RepositoryConfigurationExtensionSupport [correlationId=N/A] [storeId=N/A] [userId=N/A] - Spring Data JPA - Could not safely identify store assignment for repository candidate interface com.MaSoVa.core.review.repository.ReviewRepository; If you want this repository to be a JPA repository, consider annotating your entities with one of these annotations: jakarta.persistence.Entity, jakarta.persistence.MappedSuperclass (preferred), or consider extending one of the following types with your repository: org.springframework.data.jpa.repository.JpaRepository
2026-04-06 14:53:41.406 [main] INFO  o.s.d.r.c.RepositoryConfigurationExtensionSupport [correlationId=N/A] [storeId=N/A] [userId=N/A] - Spring Data JPA - Could not safely identify store assignment for repository candidate interface com.MaSoVa.core.review.repository.ReviewResponseRepository; If you want this repository to be a JPA repository, consider annotating your entities with one of these annotations: jakarta.persistence.Entity, jakarta.persistence.MappedSuperclass (preferred), or consider extending one of the following types with your repository: org.springframework.data.jpa.repository.JpaRepository
2026-04-06 14:53:41.409 [main] INFO  o.s.d.r.c.RepositoryConfigurationExtensionSupport [correlationId=N/A] [storeId=N/A] [userId=N/A] - Spring Data JPA - Could not safely identify store assignment for repository candidate interface com.MaSoVa.core.user.repository.GdprAuditLogRepository; If you want this repository to be a JPA repository, consider annotating your entities with one of these annotations: jakarta.persistence.Entity, jakarta.persistence.MappedSuperclass (preferred), or consider extending one of the following types with your repository: org.springframework.data.jpa.repository.JpaRepository
2026-04-06 14:53:41.412 [main] INFO  o.s.d.r.c.RepositoryConfigurationExtensionSupport [correlationId=N/A] [storeId=N/A] [userId=N/A] - Spring Data JPA - Could not safely identify store assignment for repository candidate interface com.MaSoVa.core.user.repository.GdprConsentRepository; If you want this repository to be a JPA repository, consider annotating your entities with one of these annotations: jakarta.persistence.Entity, jakarta.persistence.MappedSuperclass (preferred), or consider extending one of the following types with your repository: org.springframework.data.jpa.repository.JpaRepository
2026-04-06 14:53:41.416 [main] INFO  o.s.d.r.c.RepositoryConfigurationExtensionSupport [correlationId=N/A] [storeId=N/A] [userId=N/A] - Spring Data JPA - Could not safely identify store assignment for repository candidate interface com.MaSoVa.core.user.repository.GdprDataBreachRepository; If you want this repository to be a JPA repository, consider annotating your entities with one of these annotations: jakarta.persistence.Entity, jakarta.persistence.MappedSuperclass (preferred), or consider extending one of the following types with your repository: org.springframework.data.jpa.repository.JpaRepository
2026-04-06 14:53:41.422 [main] INFO  o.s.d.r.c.RepositoryConfigurationExtensionSupport [correlationId=N/A] [storeId=N/A] [userId=N/A] - Spring Data JPA - Could not safely identify store assignment for repository candidate interface com.MaSoVa.core.user.repository.GdprDataRequestRepository; If you want this repository to be a JPA repository, consider annotating your entities with one of these annotations: jakarta.persistence.Entity, jakarta.persistence.MappedSuperclass (preferred), or consider extending one of the following types with your repository: org.springframework.data.jpa.repository.JpaRepository
2026-04-06 14:53:41.424 [main] INFO  o.s.d.r.c.RepositoryConfigurationExtensionSupport [correlationId=N/A] [storeId=N/A] [userId=N/A] - Spring Data JPA - Could not safely identify store assignment for repository candidate interface com.MaSoVa.core.user.repository.GdprDataRetentionRepository; If you want this repository to be a JPA repository, consider annotating your entities with one of these annotations: jakarta.persistence.Entity, jakarta.persistence.MappedSuperclass (preferred), or consider extending one of the following types with your repository: org.springframework.data.jpa.repository.JpaRepository
2026-04-06 14:53:41.428 [main] INFO  o.s.d.r.c.RepositoryConfigurationExtensionSupport [correlationId=N/A] [storeId=N/A] [userId=N/A] - Spring Data JPA - Could not safely identify store assignment for repository candidate interface com.MaSoVa.core.user.repository.GdprDpaRepository; If you want this repository to be a JPA repository, consider annotating your entities with one of these annotations: jakarta.persistence.Entity, jakarta.persistence.MappedSuperclass (preferred), or consider extending one of the following types with your repository: org.springframework.data.jpa.repository.JpaRepository
2026-04-06 14:53:41.433 [main] INFO  o.s.d.r.c.RepositoryConfigurationExtensionSupport [correlationId=N/A] [storeId=N/A] [userId=N/A] - Spring Data JPA - Could not safely identify store assignment for repository candidate interface com.MaSoVa.core.user.repository.ShiftRepository; If you want this repository to be a JPA repository, consider annotating your entities with one of these annotations: jakarta.persistence.Entity, jakarta.persistence.MappedSuperclass (preferred), or consider extending one of the following types with your repository: org.springframework.data.jpa.repository.JpaRepository
2026-04-06 14:53:41.438 [main] INFO  o.s.d.r.c.RepositoryConfigurationExtensionSupport [correlationId=N/A] [storeId=N/A] [userId=N/A] - Spring Data JPA - Could not safely identify store assignment for repository candidate interface com.MaSoVa.core.user.repository.StoreRepository; If you want this repository to be a JPA repository, consider annotating your entities with one of these annotations: jakarta.persistence.Entity, jakarta.persistence.MappedSuperclass (preferred), or consider extending one of the following types with your repository: org.springframework.data.jpa.repository.JpaRepository
2026-04-06 14:53:41.446 [main] INFO  o.s.d.r.c.RepositoryConfigurationExtensionSupport [correlationId=N/A] [storeId=N/A] [userId=N/A] - Spring Data JPA - Could not safely identify store assignment for repository candidate interface com.MaSoVa.core.user.repository.UserRepository; If you want this repository to be a JPA repository, consider annotating your entities with one of these annotations: jakarta.persistence.Entity, jakarta.persistence.MappedSuperclass (preferred), or consider extending one of the following types with your repository: org.springframework.data.jpa.repository.JpaRepository
2026-04-06 14:53:41.449 [main] INFO  o.s.d.r.c.RepositoryConfigurationExtensionSupport [correlationId=N/A] [storeId=N/A] [userId=N/A] - Spring Data JPA - Could not safely identify store assignment for repository candidate interface com.MaSoVa.core.user.repository.WorkingSessionRepository; If you want this repository to be a JPA repository, consider annotating your entities with one of these annotations: jakarta.persistence.Entity, jakarta.persistence.MappedSuperclass (preferred), or consider extending one of the following types with your repository: org.springframework.data.jpa.repository.JpaRepository
2026-04-06 14:53:41.478 [main] INFO  o.s.d.r.c.RepositoryConfigurationDelegate [correlationId=N/A] [storeId=N/A] [userId=N/A] - Finished Spring Data repository scanning in 422 ms. Found 3 JPA repository interfaces.
2026-04-06 14:53:41.503 [main] INFO  o.s.d.r.c.RepositoryConfigurationDelegate [correlationId=N/A] [storeId=N/A] [userId=N/A] - Multiple Spring Data modules found, entering strict repository configuration mode
2026-04-06 14:53:41.504 [main] INFO  o.s.d.r.c.RepositoryConfigurationDelegate [correlationId=N/A] [storeId=N/A] [userId=N/A] - Bootstrapping Spring Data MongoDB repositories in DEFAULT mode.
2026-04-06 14:53:41.514 [main] INFO  o.s.d.r.c.RepositoryConfigurationExtensionSupport [correlationId=N/A] [storeId=N/A] [userId=N/A] - Spring Data MongoDB - Could not safely identify store assignment for repository candidate interface com.MaSoVa.core.earnings.repository.StaffEarningsSummaryRepository; If you want this repository to be a MongoDB repository, consider annotating your entities with one of these annotations: org.springframework.data.mongodb.core.mapping.Document (preferred), or consider extending one of the following types with your repository: org.springframework.data.mongodb.repository.MongoRepository
2026-04-06 14:53:41.514 [main] INFO  o.s.d.r.c.RepositoryConfigurationExtensionSupport [correlationId=N/A] [storeId=N/A] [userId=N/A] - Spring Data MongoDB - Could not safely identify store assignment for repository candidate interface com.MaSoVa.core.earnings.repository.StaffPayRateRepository; If you want this repository to be a MongoDB repository, consider annotating your entities with one of these annotations: org.springframework.data.mongodb.core.mapping.Document (preferred), or consider extending one of the following types with your repository: org.springframework.data.mongodb.repository.MongoRepository
2026-04-06 14:53:41.530 [main] INFO  o.s.d.r.c.RepositoryConfigurationExtensionSupport [correlationId=N/A] [storeId=N/A] [userId=N/A] - Spring Data MongoDB - Could not safely identify store assignment for repository candidate interface com.MaSoVa.core.user.repository.UserJpaRepository; If you want this repository to be a MongoDB repository, consider annotating your entities with one of these annotations: org.springframework.data.mongodb.core.mapping.Document (preferred), or consider extending one of the following types with your repository: org.springframework.data.mongodb.repository.MongoRepository
2026-04-06 14:53:41.560 [main] INFO  o.s.d.r.c.RepositoryConfigurationDelegate [correlationId=N/A] [storeId=N/A] [userId=N/A] - Finished Spring Data repository scanning in 56 ms. Found 17 MongoDB repository interfaces.
2026-04-06 14:53:41.575 [main] INFO  o.s.d.r.c.RepositoryConfigurationDelegate [correlationId=N/A] [storeId=N/A] [userId=N/A] - Multiple Spring Data modules found, entering strict repository configuration mode
2026-04-06 14:53:41.576 [main] INFO  o.s.d.r.c.RepositoryConfigurationDelegate [correlationId=N/A] [storeId=N/A] [userId=N/A] - Bootstrapping Spring Data Redis repositories in DEFAULT mode.
2026-04-06 14:53:41.598 [main] INFO  o.s.d.r.c.RepositoryConfigurationExtensionSupport [correlationId=N/A] [storeId=N/A] [userId=N/A] - Spring Data Redis - Could not safely identify store assignment for repository candidate interface com.MaSoVa.core.customer.repository.CustomerRepository; If you want this repository to be a Redis repository, consider annotating your entities with one of these annotations: org.springframework.data.redis.core.RedisHash (preferred), or consider extending one of the following types with your repository: org.springframework.data.keyvalue.repository.KeyValueRepository
2026-04-06 14:53:41.599 [main] INFO  o.s.d.r.c.RepositoryConfigurationExtensionSupport [correlationId=N/A] [storeId=N/A] [userId=N/A] - Spring Data Redis - Could not safely identify store assignment for repository candidate interface com.MaSoVa.core.earnings.repository.StaffEarningsSummaryRepository; If you want this repository to be a Redis repository, consider annotating your entities with one of these annotations: org.springframework.data.redis.core.RedisHash (preferred), or consider extending one of the following types with your repository: org.springframework.data.keyvalue.repository.KeyValueRepository
2026-04-06 14:53:41.601 [main] INFO  o.s.d.r.c.RepositoryConfigurationExtensionSupport [correlationId=N/A] [storeId=N/A] [userId=N/A] - Spring Data Redis - Could not safely identify store assignment for repository candidate interface com.MaSoVa.core.earnings.repository.StaffPayRateRepository; If you want this repository to be a Redis repository, consider annotating your entities with one of these annotations: org.springframework.data.redis.core.RedisHash (preferred), or consider extending one of the following types with your repository: org.springframework.data.keyvalue.repository.KeyValueRepository
2026-04-06 14:53:41.602 [main] INFO  o.s.d.r.c.RepositoryConfigurationExtensionSupport [correlationId=N/A] [storeId=N/A] [userId=N/A] - Spring Data Redis - Could not safely identify store assignment for repository candidate interface com.MaSoVa.core.notification.repository.CampaignRepository; If you want this repository to be a Redis repository, consider annotating your entities with one of these annotations: org.springframework.data.redis.core.RedisHash (preferred), or consider extending one of the following types with your repository: org.springframework.data.keyvalue.repository.KeyValueRepository
2026-04-06 14:53:41.603 [main] INFO  o.s.d.r.c.RepositoryConfigurationExtensionSupport [correlationId=N/A] [storeId=N/A] [userId=N/A] - Spring Data Redis - Could not safely identify store assignment for repository candidate interface com.MaSoVa.core.notification.repository.NotificationRepository; If you want this repository to be a Redis repository, consider annotating your entities with one of these annotations: org.springframework.data.redis.core.RedisHash (preferred), or consider extending one of the following types with your repository: org.springframework.data.keyvalue.repository.KeyValueRepository
2026-04-06 14:53:41.604 [main] INFO  o.s.d.r.c.RepositoryConfigurationExtensionSupport [correlationId=N/A] [storeId=N/A] [userId=N/A] - Spring Data Redis - Could not safely identify store assignment for repository candidate interface com.MaSoVa.core.notification.repository.TemplateRepository; If you want this repository to be a Redis repository, consider annotating your entities with one of these annotations: org.springframework.data.redis.core.RedisHash (preferred), or consider extending one of the following types with your repository: org.springframework.data.keyvalue.repository.KeyValueRepository
2026-04-06 14:53:41.606 [main] INFO  o.s.d.r.c.RepositoryConfigurationExtensionSupport [correlationId=N/A] [storeId=N/A] [userId=N/A] - Spring Data Redis - Could not safely identify store assignment for repository candidate interface com.MaSoVa.core.notification.repository.UserPreferencesRepository; If you want this repository to be a Redis repository, consider annotating your entities with one of these annotations: org.springframework.data.redis.core.RedisHash (preferred), or consider extending one of the following types with your repository: org.springframework.data.keyvalue.repository.KeyValueRepository
2026-04-06 14:53:41.607 [main] INFO  o.s.d.r.c.RepositoryConfigurationExtensionSupport [correlationId=N/A] [storeId=N/A] [userId=N/A] - Spring Data Redis - Could not safely identify store assignment for repository candidate interface com.MaSoVa.core.review.repository.ReviewRepository; If you want this repository to be a Redis repository, consider annotating your entities with one of these annotations: org.springframework.data.redis.core.RedisHash (preferred), or consider extending one of the following types with your repository: org.springframework.data.keyvalue.repository.KeyValueRepository
2026-04-06 14:53:41.609 [main] INFO  o.s.d.r.c.RepositoryConfigurationExtensionSupport [correlationId=N/A] [storeId=N/A] [userId=N/A] - Spring Data Redis - Could not safely identify store assignment for repository candidate interface com.MaSoVa.core.review.repository.ReviewResponseRepository; If you want this repository to be a Redis repository, consider annotating your entities with one of these annotations: org.springframework.data.redis.core.RedisHash (preferred), or consider extending one of the following types with your repository: org.springframework.data.keyvalue.repository.KeyValueRepository
2026-04-06 14:53:41.609 [main] INFO  o.s.d.r.c.RepositoryConfigurationExtensionSupport [correlationId=N/A] [storeId=N/A] [userId=N/A] - Spring Data Redis - Could not safely identify store assignment for repository candidate interface com.MaSoVa.core.user.repository.GdprAuditLogRepository; If you want this repository to be a Redis repository, consider annotating your entities with one of these annotations: org.springframework.data.redis.core.RedisHash (preferred), or consider extending one of the following types with your repository: org.springframework.data.keyvalue.repository.KeyValueRepository
2026-04-06 14:53:41.610 [main] INFO  o.s.d.r.c.RepositoryConfigurationExtensionSupport [correlationId=N/A] [storeId=N/A] [userId=N/A] - Spring Data Redis - Could not safely identify store assignment for repository candidate interface com.MaSoVa.core.user.repository.GdprConsentRepository; If you want this repository to be a Redis repository, consider annotating your entities with one of these annotations: org.springframework.data.redis.core.RedisHash (preferred), or consider extending one of the following types with your repository: org.springframework.data.keyvalue.repository.KeyValueRepository
2026-04-06 14:53:41.612 [main] INFO  o.s.d.r.c.RepositoryConfigurationExtensionSupport [correlationId=N/A] [storeId=N/A] [userId=N/A] - Spring Data Redis - Could not safely identify store assignment for repository candidate interface com.MaSoVa.core.user.repository.GdprDataBreachRepository; If you want this repository to be a Redis repository, consider annotating your entities with one of these annotations: org.springframework.data.redis.core.RedisHash (preferred), or consider extending one of the following types with your repository: org.springframework.data.keyvalue.repository.KeyValueRepository
2026-04-06 14:53:41.613 [main] INFO  o.s.d.r.c.RepositoryConfigurationExtensionSupport [correlationId=N/A] [storeId=N/A] [userId=N/A] - Spring Data Redis - Could not safely identify store assignment for repository candidate interface com.MaSoVa.core.user.repository.GdprDataRequestRepository; If you want this repository to be a Redis repository, consider annotating your entities with one of these annotations: org.springframework.data.redis.core.RedisHash (preferred), or consider extending one of the following types with your repository: org.springframework.data.keyvalue.repository.KeyValueRepository
2026-04-06 14:53:41.613 [main] INFO  o.s.d.r.c.RepositoryConfigurationExtensionSupport [correlationId=N/A] [storeId=N/A] [userId=N/A] - Spring Data Redis - Could not safely identify store assignment for repository candidate interface com.MaSoVa.core.user.repository.GdprDataRetentionRepository; If you want this repository to be a Redis repository, consider annotating your entities with one of these annotations: org.springframework.data.redis.core.RedisHash (preferred), or consider extending one of the following types with your repository: org.springframework.data.keyvalue.repository.KeyValueRepository
2026-04-06 14:53:41.613 [main] INFO  o.s.d.r.c.RepositoryConfigurationExtensionSupport [correlationId=N/A] [storeId=N/A] [userId=N/A] - Spring Data Redis - Could not safely identify store assignment for repository candidate interface com.MaSoVa.core.user.repository.GdprDpaRepository; If you want this repository to be a Redis repository, consider annotating your entities with one of these annotations: org.springframework.data.redis.core.RedisHash (preferred), or consider extending one of the following types with your repository: org.springframework.data.keyvalue.repository.KeyValueRepository
2026-04-06 14:53:41.613 [main] INFO  o.s.d.r.c.RepositoryConfigurationExtensionSupport [correlationId=N/A] [storeId=N/A] [userId=N/A] - Spring Data Redis - Could not safely identify store assignment for repository candidate interface com.MaSoVa.core.user.repository.ShiftRepository; If you want this repository to be a Redis repository, consider annotating your entities with one of these annotations: org.springframework.data.redis.core.RedisHash (preferred), or consider extending one of the following types with your repository: org.springframework.data.keyvalue.repository.KeyValueRepository
2026-04-06 14:53:41.613 [main] INFO  o.s.d.r.c.RepositoryConfigurationExtensionSupport [correlationId=N/A] [storeId=N/A] [userId=N/A] - Spring Data Redis - Could not safely identify store assignment for repository candidate interface com.MaSoVa.core.user.repository.StoreRepository; If you want this repository to be a Redis repository, consider annotating your entities with one of these annotations: org.springframework.data.redis.core.RedisHash (preferred), or consider extending one of the following types with your repository: org.springframework.data.keyvalue.repository.KeyValueRepository
2026-04-06 14:53:41.613 [main] INFO  o.s.d.r.c.RepositoryConfigurationExtensionSupport [correlationId=N/A] [storeId=N/A] [userId=N/A] - Spring Data Redis - Could not safely identify store assignment for repository candidate interface com.MaSoVa.core.user.repository.UserJpaRepository; If you want this repository to be a Redis repository, consider annotating your entities with one of these annotations: org.springframework.data.redis.core.RedisHash (preferred), or consider extending one of the following types with your repository: org.springframework.data.keyvalue.repository.KeyValueRepository
2026-04-06 14:53:41.613 [main] INFO  o.s.d.r.c.RepositoryConfigurationExtensionSupport [correlationId=N/A] [storeId=N/A] [userId=N/A] - Spring Data Redis - Could not safely identify store assignment for repository candidate interface com.MaSoVa.core.user.repository.UserRepository; If you want this repository to be a Redis repository, consider annotating your entities with one of these annotations: org.springframework.data.redis.core.RedisHash (preferred), or consider extending one of the following types with your repository: org.springframework.data.keyvalue.repository.KeyValueRepository
2026-04-06 14:53:41.614 [main] INFO  o.s.d.r.c.RepositoryConfigurationExtensionSupport [correlationId=N/A] [storeId=N/A] [userId=N/A] - Spring Data Redis - Could not safely identify store assignment for repository candidate interface com.MaSoVa.core.user.repository.WorkingSessionRepository; If you want this repository to be a Redis repository, consider annotating your entities with one of these annotations: org.springframework.data.redis.core.RedisHash (preferred), or consider extending one of the following types with your repository: org.springframework.data.keyvalue.repository.KeyValueRepository
2026-04-06 14:53:41.614 [main] INFO  o.s.d.r.c.RepositoryConfigurationDelegate [correlationId=N/A] [storeId=N/A] [userId=N/A] - Finished Spring Data repository scanning in 26 ms. Found 0 Redis repository interfaces.
2026-04-06 14:53:43.384 [main] INFO  o.s.b.w.e.tomcat.TomcatWebServer [correlationId=N/A] [storeId=N/A] [userId=N/A] - Tomcat initialized with port 8085 (http)
2026-04-06 14:53:43.394 [main] INFO  o.a.coyote.http11.Http11NioProtocol [correlationId=N/A] [storeId=N/A] [userId=N/A] - Initializing ProtocolHandler ["http-nio-8085"]
2026-04-06 14:53:43.400 [main] INFO  o.a.catalina.core.StandardService [correlationId=N/A] [storeId=N/A] [userId=N/A] - Starting service [Tomcat]
2026-04-06 14:53:43.402 [main] INFO  o.a.catalina.core.StandardEngine [correlationId=N/A] [storeId=N/A] [userId=N/A] - Starting Servlet engine: [Apache Tomcat/10.1.16]
2026-04-06 14:53:43.525 [main] INFO  o.a.c.c.C.[Tomcat].[localhost].[/] [correlationId=N/A] [storeId=N/A] [userId=N/A] - Initializing Spring embedded WebApplicationContext
2026-04-06 14:53:43.526 [main] INFO  o.s.b.w.s.c.ServletWebServerApplicationContext [correlationId=N/A] [storeId=N/A] [userId=N/A] - Root WebApplicationContext: initialization completed in 5042 ms
Standard Commons Logging discovery in action with spring-jcl: please remove commons-logging.jar from classpath in order to avoid potential conflicts
2026-04-06 14:53:44.367 [main] DEBUG c.M.s.s.f.JwtAuthenticationFilter [correlationId=N/A] [storeId=N/A] [userId=N/A] - Filter 'jwtAuthenticationFilter' configured for use
2026-04-06 14:53:44.367 [main] INFO  c.M.s.filter.CorrelationIdFilter [correlationId=N/A] [storeId=N/A] [userId=N/A] - CorrelationIdFilter initialized - request correlation tracking enabled
2026-04-06 14:53:44.539 [main] INFO  com.zaxxer.hikari.HikariDataSource [correlationId=N/A] [storeId=N/A] [userId=N/A] - HikariPool-1 - Starting...
2026-04-06 14:53:44.809 [main] INFO  com.zaxxer.hikari.pool.HikariPool [correlationId=N/A] [storeId=N/A] [userId=N/A] - HikariPool-1 - Added connection org.postgresql.jdbc.PgConnection@52bcfd10
2026-04-06 14:53:44.811 [main] INFO  com.zaxxer.hikari.HikariDataSource [correlationId=N/A] [storeId=N/A] [userId=N/A] - HikariPool-1 - Start completed.
2026-04-06 14:53:44.957 [main] INFO  o.f.c.i.license.VersionPrinter [correlationId=N/A] [storeId=N/A] [userId=N/A] - Flyway Community Edition 9.22.3 by Redgate
2026-04-06 14:53:44.957 [main] INFO  o.f.c.i.license.VersionPrinter [correlationId=N/A] [storeId=N/A] [userId=N/A] - See release notes here: https://rd.gt/416ObMi
2026-04-06 14:53:44.957 [main] INFO  o.f.c.i.license.VersionPrinter [correlationId=N/A] [storeId=N/A] [userId=N/A] - 
2026-04-06 14:53:44.974 [main] INFO  org.flywaydb.core.FlywayExecutor [correlationId=N/A] [storeId=N/A] [userId=N/A] - Database: jdbc:postgresql://localhost:5432/masova_db (PostgreSQL 15.17)
2026-04-06 14:53:45.109 [main] INFO  o.f.core.internal.command.DbValidate [correlationId=N/A] [storeId=N/A] [userId=N/A] - Successfully validated 3 migrations (execution time 00:00.083s)
2026-04-06 14:53:45.139 [main] INFO  o.f.core.internal.command.DbMigrate [correlationId=N/A] [storeId=N/A] [userId=N/A] - Current version of schema "core_schema": 3
2026-04-06 14:53:45.144 [main] INFO  o.f.core.internal.command.DbMigrate [correlationId=N/A] [storeId=N/A] [userId=N/A] - Schema "core_schema" is up to date. No migration necessary.
2026-04-06 14:53:45.308 [main] INFO  o.h.jpa.internal.util.LogHelper [correlationId=N/A] [storeId=N/A] [userId=N/A] - HHH000204: Processing PersistenceUnitInfo [name: default]
2026-04-06 14:53:45.444 [main] INFO  org.hibernate.Version [correlationId=N/A] [storeId=N/A] [userId=N/A] - HHH000412: Hibernate ORM core version 6.3.1.Final
2026-04-06 14:53:45.522 [main] INFO  o.h.c.i.RegionFactoryInitiator [correlationId=N/A] [storeId=N/A] [userId=N/A] - HHH000026: Second-level cache disabled
2026-04-06 14:53:45.925 [main] INFO  o.s.o.j.p.SpringPersistenceUnitInfo [correlationId=N/A] [storeId=N/A] [userId=N/A] - No LoadTimeWeaver setup: ignoring JPA class transformer
2026-04-06 14:53:46.034 [main] WARN  org.hibernate.orm.deprecation [correlationId=N/A] [storeId=N/A] [userId=N/A] - HHH90000025: PostgreSQLDialect does not need to be specified explicitly using 'hibernate.dialect' (remove the property setting and it will be selected by default)
2026-04-06 14:53:47.370 [main] INFO  o.h.e.t.j.p.i.JtaPlatformInitiator [correlationId=N/A] [storeId=N/A] [userId=N/A] - HHH000489: No JTA platform available (set 'hibernate.transaction.jta.platform' to enable JTA platform integration)
2026-04-06 14:53:47.481 [main] INFO  o.s.o.j.LocalContainerEntityManagerFactoryBean [correlationId=N/A] [storeId=N/A] [userId=N/A] - Initialized JPA EntityManagerFactory for persistence unit 'default'
2026-04-06 14:53:47.602 [main] INFO  c.M.shared.config.MongoPoolConfig [correlationId=N/A] [storeId=N/A] [userId=N/A] - Configuring MongoDB connection pool: min=10, max=100, maxWait=30000ms, maxIdle=60000ms
2026-04-06 14:53:49.148 [main] INFO  o.s.d.j.r.query.QueryEnhancerFactory [correlationId=N/A] [storeId=N/A] [userId=N/A] - Hibernate is in classpath; If applicable, HQL parser will be used.
2026-04-06 14:53:50.117 [main] WARN  c.M.c.n.config.FirebaseConfig [correlationId=N/A] [storeId=N/A] [userId=N/A] - Firebase is disabled or not configured
2026-04-06 14:53:50.128 [main] WARN  c.M.c.n.config.TwilioConfig [correlationId=N/A] [storeId=N/A] [userId=N/A] - Twilio is disabled or not configured
2026-04-06 14:53:51.358 [main] INFO  c.M.s.c.CircuitBreakerConfiguration [correlationId=N/A] [storeId=N/A] [userId=N/A] - Circuit breakers configured for all services
2026-04-06 14:53:52.744 [main] WARN  o.s.b.w.s.c.AnnotationConfigServletWebServerApplicationContext [correlationId=N/A] [storeId=N/A] [userId=N/A] - Exception encountered during context initialization - cancelling refresh attempt: org.springframework.beans.factory.UnsatisfiedDependencyException: Error creating bean with name 'storeController': Unsatisfied dependency expressed through field 'storeService': Error creating bean with name 'storeService': Unsatisfied dependency expressed through field 'storeRepository': Error creating bean with name 'storeRepository' defined in com.MaSoVa.core.user.repository.StoreRepository defined in @EnableMongoRepositories declared on MongoRepositoriesRegistrar.EnableMongoRepositoriesConfiguration: Write failed with error code 11000 and error message 'Index build failed: 25b2f59a-c70b-4194-b198-2882f80ae2e5: Collection masova_core.stores ( fd50554d-15af-4714-8585-14ffd3367b0b ) :: caused by :: E11000 duplicate key error collection: masova_core.stores index: code dup key: { code: "DOM001" }'
2026-04-06 14:53:52.756 [main] INFO  o.s.o.j.LocalContainerEntityManagerFactoryBean [correlationId=N/A] [storeId=N/A] [userId=N/A] - Closing JPA EntityManagerFactory for persistence unit 'default'
2026-04-06 14:53:52.758 [main] INFO  com.zaxxer.hikari.HikariDataSource [correlationId=N/A] [storeId=N/A] [userId=N/A] - HikariPool-1 - Shutdown initiated...
2026-04-06 14:53:52.766 [main] INFO  com.zaxxer.hikari.HikariDataSource [correlationId=N/A] [storeId=N/A] [userId=N/A] - HikariPool-1 - Shutdown completed.
2026-04-06 14:53:52.912 [main] INFO  o.a.catalina.core.StandardService [correlationId=N/A] [storeId=N/A] [userId=N/A] - Stopping service [Tomcat]
2026-04-06 14:53:52.914 [main] INFO  c.M.s.filter.CorrelationIdFilter [correlationId=N/A] [storeId=N/A] [userId=N/A] - CorrelationIdFilter destroyed
2026-04-06 14:53:52.945 [main] INFO  o.s.b.a.l.ConditionEvaluationReportLogger [correlationId=N/A] [storeId=N/A] [userId=N/A] - 

Error starting ApplicationContext. To display the condition evaluation report re-run your application with 'debug' enabled.
2026-04-06 14:53:52.976 [main] ERROR o.s.boot.SpringApplication [correlationId=N/A] [storeId=N/A] [userId=N/A] - Application run failed
org.springframework.beans.factory.UnsatisfiedDependencyException: Error creating bean with name 'storeController': Unsatisfied dependency expressed through field 'storeService': Error creating bean with name 'storeService': Unsatisfied dependency expressed through field 'storeRepository': Error creating bean with name 'storeRepository' defined in com.MaSoVa.core.user.repository.StoreRepository defined in @EnableMongoRepositories declared on MongoRepositoriesRegistrar.EnableMongoRepositoriesConfiguration: Write failed with error code 11000 and error message 'Index build failed: 25b2f59a-c70b-4194-b198-2882f80ae2e5: Collection masova_core.stores ( fd50554d-15af-4714-8585-14ffd3367b0b ) :: caused by :: E11000 duplicate key error collection: masova_core.stores index: code dup key: { code: "DOM001" }'
	at org.springframework.beans.factory.annotation.AutowiredAnnotationBeanPostProcessor$AutowiredFieldElement.resolveFieldValue(AutowiredAnnotationBeanPostProcessor.java:772)
	at org.springframework.beans.factory.annotation.AutowiredAnnotationBeanPostProcessor$AutowiredFieldElement.inject(AutowiredAnnotationBeanPostProcessor.java:752)
	at org.springframework.beans.factory.annotation.InjectionMetadata.inject(InjectionMetadata.java:145)
	at org.springframework.beans.factory.annotation.AutowiredAnnotationBeanPostProcessor.postProcessProperties(AutowiredAnnotationBeanPostProcessor.java:493)
	at org.springframework.beans.factory.support.AbstractAutowireCapableBeanFactory.populateBean(AbstractAutowireCapableBeanFactory.java:1420)
	at org.springframework.beans.factory.support.AbstractAutowireCapableBeanFactory.doCreateBean(AbstractAutowireCapableBeanFactory.java:600)
	at org.springframework.beans.factory.support.AbstractAutowireCapableBeanFactory.createBean(AbstractAutowireCapableBeanFactory.java:523)
	at org.springframework.beans.factory.support.AbstractBeanFactory.lambda$doGetBean$0(AbstractBeanFactory.java:325)
	at org.springframework.beans.factory.support.DefaultSingletonBeanRegistry.getSingleton(DefaultSingletonBeanRegistry.java:234)
	at org.springframework.beans.factory.support.AbstractBeanFactory.doGetBean(AbstractBeanFactory.java:323)
	at org.springframework.beans.factory.support.AbstractBeanFactory.getBean(AbstractBeanFactory.java:199)
	at org.springframework.beans.factory.support.DefaultListableBeanFactory.preInstantiateSingletons(DefaultListableBeanFactory.java:973)
	at org.springframework.context.support.AbstractApplicationContext.finishBeanFactoryInitialization(AbstractApplicationContext.java:946)
	at org.springframework.context.support.AbstractApplicationContext.refresh(AbstractApplicationContext.java:616)
	at org.springframework.boot.web.servlet.context.ServletWebServerApplicationContext.refresh(ServletWebServerApplicationContext.java:146)
	at org.springframework.boot.SpringApplication.refresh(SpringApplication.java:753)
	at org.springframework.boot.SpringApplication.refreshContext(SpringApplication.java:455)
	at org.springframework.boot.SpringApplication.run(SpringApplication.java:323)
	at org.springframework.boot.SpringApplication.run(SpringApplication.java:1342)
	at org.springframework.boot.SpringApplication.run(SpringApplication.java:1331)
	at com.MaSoVa.core.CoreServiceApplication.main(CoreServiceApplication.java:20)
Caused by: org.springframework.beans.factory.UnsatisfiedDependencyException: Error creating bean with name 'storeService': Unsatisfied dependency expressed through field 'storeRepository': Error creating bean with name 'storeRepository' defined in com.MaSoVa.core.user.repository.StoreRepository defined in @EnableMongoRepositories declared on MongoRepositoriesRegistrar.EnableMongoRepositoriesConfiguration: Write failed with error code 11000 and error message 'Index build failed: 25b2f59a-c70b-4194-b198-2882f80ae2e5: Collection masova_core.stores ( fd50554d-15af-4714-8585-14ffd3367b0b ) :: caused by :: E11000 duplicate key error collection: masova_core.stores index: code dup key: { code: "DOM001" }'
	at org.springframework.beans.factory.annotation.AutowiredAnnotationBeanPostProcessor$AutowiredFieldElement.resolveFieldValue(AutowiredAnnotationBeanPostProcessor.java:772)
	at org.springframework.beans.factory.annotation.AutowiredAnnotationBeanPostProcessor$AutowiredFieldElement.inject(AutowiredAnnotationBeanPostProcessor.java:752)
	at org.springframework.beans.factory.annotation.InjectionMetadata.inject(InjectionMetadata.java:145)
	at org.springframework.beans.factory.annotation.AutowiredAnnotationBeanPostProcessor.postProcessProperties(AutowiredAnnotationBeanPostProcessor.java:493)
	at org.springframework.beans.factory.support.AbstractAutowireCapableBeanFactory.populateBean(AbstractAutowireCapableBeanFactory.java:1420)
	at org.springframework.beans.factory.support.AbstractAutowireCapableBeanFactory.doCreateBean(AbstractAutowireCapableBeanFactory.java:600)
	at org.springframework.beans.factory.support.AbstractAutowireCapableBeanFactory.createBean(AbstractAutowireCapableBeanFactory.java:523)
	at org.springframework.beans.factory.support.AbstractBeanFactory.lambda$doGetBean$0(AbstractBeanFactory.java:325)
	at org.springframework.beans.factory.support.DefaultSingletonBeanRegistry.getSingleton(DefaultSingletonBeanRegistry.java:234)
	at org.springframework.beans.factory.support.AbstractBeanFactory.doGetBean(AbstractBeanFactory.java:323)
	at org.springframework.beans.factory.support.AbstractBeanFactory.getBean(AbstractBeanFactory.java:199)
	at org.springframework.beans.factory.config.DependencyDescriptor.resolveCandidate(DependencyDescriptor.java:254)
	at org.springframework.beans.factory.support.DefaultListableBeanFactory.doResolveDependency(DefaultListableBeanFactory.java:1441)
	at org.springframework.beans.factory.support.DefaultListableBeanFactory.resolveDependency(DefaultListableBeanFactory.java:1348)
	at org.springframework.beans.factory.annotation.AutowiredAnnotationBeanPostProcessor$AutowiredFieldElement.resolveFieldValue(AutowiredAnnotationBeanPostProcessor.java:769)
	... 20 common frames omitted
Caused by: org.springframework.beans.factory.BeanCreationException: Error creating bean with name 'storeRepository' defined in com.MaSoVa.core.user.repository.StoreRepository defined in @EnableMongoRepositories declared on MongoRepositoriesRegistrar.EnableMongoRepositoriesConfiguration: Write failed with error code 11000 and error message 'Index build failed: 25b2f59a-c70b-4194-b198-2882f80ae2e5: Collection masova_core.stores ( fd50554d-15af-4714-8585-14ffd3367b0b ) :: caused by :: E11000 duplicate key error collection: masova_core.stores index: code dup key: { code: "DOM001" }'
	at org.springframework.beans.factory.support.AbstractAutowireCapableBeanFactory.initializeBean(AbstractAutowireCapableBeanFactory.java:1775)
	at org.springframework.beans.factory.support.AbstractAutowireCapableBeanFactory.doCreateBean(AbstractAutowireCapableBeanFactory.java:601)
	at org.springframework.beans.factory.support.AbstractAutowireCapableBeanFactory.createBean(AbstractAutowireCapableBeanFactory.java:523)
	at org.springframework.beans.factory.support.AbstractBeanFactory.lambda$doGetBean$0(AbstractBeanFactory.java:325)
	at org.springframework.beans.factory.support.DefaultSingletonBeanRegistry.getSingleton(DefaultSingletonBeanRegistry.java:234)
	at org.springframework.beans.factory.support.AbstractBeanFactory.doGetBean(AbstractBeanFactory.java:323)
	at org.springframework.beans.factory.support.AbstractBeanFactory.getBean(AbstractBeanFactory.java:199)
	at org.springframework.beans.factory.config.DependencyDescriptor.resolveCandidate(DependencyDescriptor.java:254)
	at org.springframework.beans.factory.support.DefaultListableBeanFactory.doResolveDependency(DefaultListableBeanFactory.java:1441)
	at org.springframework.beans.factory.support.DefaultListableBeanFactory.resolveDependency(DefaultListableBeanFactory.java:1348)
	at org.springframework.beans.factory.annotation.AutowiredAnnotationBeanPostProcessor$AutowiredFieldElement.resolveFieldValue(AutowiredAnnotationBeanPostProcessor.java:769)
	... 34 common frames omitted
Caused by: org.springframework.dao.DuplicateKeyException: Write failed with error code 11000 and error message 'Index build failed: 25b2f59a-c70b-4194-b198-2882f80ae2e5: Collection masova_core.stores ( fd50554d-15af-4714-8585-14ffd3367b0b ) :: caused by :: E11000 duplicate key error collection: masova_core.stores index: code dup key: { code: "DOM001" }'
	at org.springframework.data.mongodb.core.MongoExceptionTranslator.translateExceptionIfPossible(MongoExceptionTranslator.java:84)
	at org.springframework.data.mongodb.core.MongoTemplate.potentiallyConvertRuntimeException(MongoTemplate.java:2993)
	at org.springframework.data.mongodb.core.MongoTemplate.execute(MongoTemplate.java:603)
	at org.springframework.data.mongodb.core.DefaultIndexOperations.execute(DefaultIndexOperations.java:215)
	at org.springframework.data.mongodb.core.DefaultIndexOperations.ensureIndex(DefaultIndexOperations.java:119)
	at org.springframework.data.mongodb.core.index.MongoPersistentEntityIndexCreator.createIndex(MongoPersistentEntityIndexCreator.java:153)
	at org.springframework.data.mongodb.core.index.MongoPersistentEntityIndexCreator.checkForAndCreateIndexes(MongoPersistentEntityIndexCreator.java:143)
	at org.springframework.data.mongodb.core.index.MongoPersistentEntityIndexCreator.checkForIndexes(MongoPersistentEntityIndexCreator.java:127)
	at org.springframework.data.mongodb.core.index.MongoPersistentEntityIndexCreator.onApplicationEvent(MongoPersistentEntityIndexCreator.java:111)
	at org.springframework.data.mongodb.core.index.MongoPersistentEntityIndexCreator.onApplicationEvent(MongoPersistentEntityIndexCreator.java:55)
	at org.springframework.context.event.SimpleApplicationEventMulticaster.doInvokeListener(SimpleApplicationEventMulticaster.java:178)
	at org.springframework.context.event.SimpleApplicationEventMulticaster.invokeListener(SimpleApplicationEventMulticaster.java:171)
	at org.springframework.context.event.SimpleApplicationEventMulticaster.multicastEvent(SimpleApplicationEventMulticaster.java:149)
	at org.springframework.context.support.AbstractApplicationContext.publishEvent(AbstractApplicationContext.java:445)
	at org.springframework.context.support.AbstractApplicationContext.publishEvent(AbstractApplicationContext.java:378)
	at org.springframework.data.mapping.context.AbstractMappingContext.addPersistentEntity(AbstractMappingContext.java:389)
	at org.springframework.data.mapping.context.AbstractMappingContext.getPersistentEntity(AbstractMappingContext.java:280)
	at org.springframework.data.mapping.context.AbstractMappingContext.getPersistentEntity(AbstractMappingContext.java:206)
	at org.springframework.data.mapping.context.AbstractMappingContext.getPersistentEntity(AbstractMappingContext.java:92)
	at org.springframework.data.mapping.context.MappingContext.getRequiredPersistentEntity(MappingContext.java:74)
	at org.springframework.data.mongodb.repository.support.MongoRepositoryFactory.getEntityInformation(MongoRepositoryFactory.java:162)
	at org.springframework.data.mongodb.repository.support.MongoRepositoryFactory.getTargetRepository(MongoRepositoryFactory.java:138)
	at org.springframework.data.repository.core.support.RepositoryFactorySupport.getRepository(RepositoryFactorySupport.java:317)
	at org.springframework.data.repository.core.support.RepositoryFactoryBeanSupport.lambda$afterPropertiesSet$5(RepositoryFactoryBeanSupport.java:279)
	at org.springframework.data.util.Lazy.getNullable(Lazy.java:135)
	at org.springframework.data.util.Lazy.get(Lazy.java:113)
	at org.springframework.data.repository.core.support.RepositoryFactoryBeanSupport.afterPropertiesSet(RepositoryFactoryBeanSupport.java:285)
	at org.springframework.data.mongodb.repository.support.MongoRepositoryFactoryBean.afterPropertiesSet(MongoRepositoryFactoryBean.java:101)
	at org.springframework.beans.factory.support.AbstractAutowireCapableBeanFactory.invokeInitMethods(AbstractAutowireCapableBeanFactory.java:1822)
	at org.springframework.beans.factory.support.AbstractAutowireCapableBeanFactory.initializeBean(AbstractAutowireCapableBeanFactory.java:1771)
	... 44 common frames omitted
Caused by: com.mongodb.DuplicateKeyException: Write failed with error code 11000 and error message 'Index build failed: 25b2f59a-c70b-4194-b198-2882f80ae2e5: Collection masova_core.stores ( fd50554d-15af-4714-8585-14ffd3367b0b ) :: caused by :: E11000 duplicate key error collection: masova_core.stores index: code dup key: { code: "DOM001" }'
	at com.mongodb.internal.operation.CreateIndexesOperation.checkForDuplicateKeyError(CreateIndexesOperation.java:255)
	at com.mongodb.internal.operation.CreateIndexesOperation.lambda$execute$0(CreateIndexesOperation.java:134)
	at com.mongodb.internal.operation.SyncOperationHelper.withConnectionSource(SyncOperationHelper.java:163)
	at com.mongodb.internal.operation.SyncOperationHelper.withConnection(SyncOperationHelper.java:108)
	at com.mongodb.internal.operation.CreateIndexesOperation.execute(CreateIndexesOperation.java:129)
	at com.mongodb.internal.operation.CreateIndexesOperation.execute(CreateIndexesOperation.java:68)
	at com.mongodb.client.internal.MongoClientDelegate$DelegateOperationExecutor.execute(MongoClientDelegate.java:173)
	at com.mongodb.client.internal.MongoCollectionImpl.executeCreateIndexes(MongoCollectionImpl.java:913)
	at com.mongodb.client.internal.MongoCollectionImpl.createIndexes(MongoCollectionImpl.java:896)
	at com.mongodb.client.internal.MongoCollectionImpl.createIndexes(MongoCollectionImpl.java:891)
	at com.mongodb.client.internal.MongoCollectionImpl.createIndex(MongoCollectionImpl.java:876)
	at org.springframework.data.mongodb.core.DefaultIndexOperations.lambda$ensureIndex$0(DefaultIndexOperations.java:129)
	at org.springframework.data.mongodb.core.MongoTemplate.execute(MongoTemplate.java:601)
	... 71 common frames omitted
[INFO] ------------------------------------------------------------------------
[INFO] BUILD FAILURE
[INFO] ------------------------------------------------------------------------
[INFO] Total time:  26.711 s
[INFO] Finished at: 2026-04-06T14:53:53+05:30
[INFO] ------------------------------------------------------------------------
[ERROR] Failed to execute goal org.springframework.boot:spring-boot-maven-plugin:3.2.0:run (default-cli) on project core-service: Process terminated with exit code: 1 -> [Help 1]
[ERROR] 
[ERROR] To see the full stack trace of the errors, re-run Maven with the -e switch.
[ERROR] Re-run Maven using the -X switch to enable full debug logging.
[ERROR] 
[ERROR] For more information about the errors and possible solutions, please read the following articles:
[ERROR] [Help 1] http://cwiki.apache.org/confluence/display/MAVEN/MojoExecutionException
